<?xml version="1.0" encoding="UTF-8"?>
<!-- Generated by org.testng.reporters.JUnitReportReporter -->
<testsuite hostname="DESKTOP-DREL31J" failures="0" tests="1" name="mil.dtic.selenium.RunTest" time="36.053" errors="0" timestamp="21 May 2022 14:11:22 GMT">
  <testcase classname="mil.dtic.selenium.RunTest" name="readExcel" time="36.053"/>
</testsuite> <!-- mil.dtic.selenium.RunTest -->
